# JRE version: Java(TM) SE Runtime Environment (8.0_77-b03) (build 1.8.0_77-b03)
# Java VM: Java HotSpot(TM) 64-Bit Server VM (25.77-b03 mixed mode windows-amd64 compressed oops)
Heap:
 PSYoungGen      total 65024K, used 10940K [0x00000000d9a00000, 0x00000000e2100000, 0x0000000100000000)
  eden space 60416K, 18% used [0x00000000d9a00000,0x00000000da4af318,0x00000000dd500000)
  from space 4608K, 0% used [0x00000000dd500000,0x00000000dd500000,0x00000000dd980000)
  to   space 8704K, 0% used [0x00000000e1880000,0x00000000e1880000,0x00000000e2100000)
 ParOldGen       total 44544K, used 6024K [0x000000008ce00000, 0x000000008f980000, 0x00000000d9a00000)
  object space 44544K, 13% used [0x000000008ce00000,0x000000008d3e23b8,0x000000008f980000)
 Metaspace       used 22221K, capacity 22502K, committed 22656K, reserved 1069056K
  class space    used 2833K, capacity 2911K, committed 2944K, reserved 1048576K
GC Heap History (10 events):
Event: 4.613 GC heap before
{Heap before GC invocations=2 (full 0):
 PSYoungGen      total 34816K, used 32555K [0x00000000d9a00000, 0x00000000dc080000, 0x0000000100000000)
  eden space 30208K, 100% used [0x00000000d9a00000,0x00000000db780000,0x00000000db780000)
  from space 4608K, 50% used [0x00000000db780000,0x00000000db9cad98,0x00000000dbc00000)
  to   space 4608K, 0% used [0x00000000dbc00000,0x00000000dbc00000,0x00000000dc080000)
 ParOldGen       total 79360K, used 72K [0x000000008ce00000, 0x0000000091b80000, 0x00000000d9a00000)
  object space 79360K, 0% used [0x000000008ce00000,0x000000008ce12010,0x0000000091b80000)
 Metaspace       used 12023K, capacity 12222K, committed 12416K, reserved 1060864K
  class space    used 1482K, capacity 1555K, committed 1664K, reserved 1048576K
Event: 4.622 GC heap after
Heap after GC invocations=2 (full 0):
 PSYoungGen      total 34816K, used 4436K [0x00000000d9a00000, 0x00000000dde00000, 0x0000000100000000)
  eden space 30208K, 0% used [0x00000000d9a00000,0x00000000d9a00000,0x00000000db780000)
  from space 4608K, 96% used [0x00000000dbc00000,0x00000000dc055200,0x00000000dc080000)
  to   space 4608K, 0% used [0x00000000db780000,0x00000000db780000,0x00000000dbc00000)
 ParOldGen       total 79360K, used 80K [0x000000008ce00000, 0x0000000091b80000, 0x00000000d9a00000)
  object space 79360K, 0% used [0x000000008ce00000,0x000000008ce14010,0x0000000091b80000)
 Metaspace       used 12023K, capacity 12222K, committed 12416K, reserved 1060864K
  class space    used 1482K, capacity 1555K, committed 1664K, reserved 1048576K
}
Event: 5.251 GC heap before
{Heap before GC invocations=3 (full 0):
 PSYoungGen      total 34816K, used 34644K [0x00000000d9a00000, 0x00000000dde00000, 0x0000000100000000)
  eden space 30208K, 100% used [0x00000000d9a00000,0x00000000db780000,0x00000000db780000)
  from space 4608K, 96% used [0x00000000dbc00000,0x00000000dc055200,0x00000000dc080000)
  to   space 4608K, 0% used [0x00000000db780000,0x00000000db780000,0x00000000dbc00000)
 ParOldGen       total 79360K, used 80K [0x000000008ce00000, 0x0000000091b80000, 0x00000000d9a00000)
  object space 79360K, 0% used [0x000000008ce00000,0x000000008ce14010,0x0000000091b80000)
 Metaspace       used 17225K, capacity 17470K, committed 17664K, reserved 1064960K
  class space    used 2106K, capacity 2195K, committed 2304K, reserved 1048576K
Event: 5.261 GC heap after
Heap after GC invocations=3 (full 0):
 PSYoungGen      total 34816K, used 4596K [0x00000000d9a00000, 0x00000000dde00000, 0x0000000100000000)
  eden space 30208K, 0% used [0x00000000d9a00000,0x00000000d9a00000,0x00000000db780000)
  from space 4608K, 99% used [0x00000000db780000,0x00000000dbbfd0d0,0x00000000dbc00000)
  to   space 4608K, 0% used [0x00000000dd980000,0x00000000dd980000,0x00000000dde00000)
 ParOldGen       total 79360K, used 2124K [0x000000008ce00000, 0x0000000091b80000, 0x00000000d9a00000)
  object space 79360K, 2% used [0x000000008ce00000,0x000000008d013038,0x0000000091b80000)
 Metaspace       used 17225K, capacity 17470K, committed 17664K, reserved 1064960K
  class space    used 2106K, capacity 2195K, committed 2304K, reserved 1048576K
}
Event: 5.561 GC heap before
{Heap before GC invocations=4 (full 0):
 PSYoungGen      total 34816K, used 34804K [0x00000000d9a00000, 0x00000000dde00000, 0x0000000100000000)
  eden space 30208K, 100% used [0x00000000d9a00000,0x00000000db780000,0x00000000db780000)
  from space 4608K, 99% used [0x00000000db780000,0x00000000dbbfd0d0,0x00000000dbc00000)
  to   space 4608K, 0% used [0x00000000dd980000,0x00000000dd980000,0x00000000dde00000)
 ParOldGen       total 79360K, used 2124K [0x000000008ce00000, 0x0000000091b80000, 0x00000000d9a00000)
  object space 79360K, 2% used [0x000000008ce00000,0x000000008d013038,0x0000000091b80000)
 Metaspace       used 19909K, capacity 20094K, committed 20352K, reserved 1067008K
  class space    used 2510K, capacity 2579K, committed 2688K, reserved 1048576K
Event: 5.573 GC heap after
Heap after GC invocations=4 (full 0):
 PSYoungGen      total 65024K, used 4590K [0x00000000d9a00000, 0x00000000dde00000, 0x0000000100000000)
  eden space 60416K, 0% used [0x00000000d9a00000,0x00000000d9a00000,0x00000000dd500000)
  from space 4608K, 99% used [0x00000000dd980000,0x00000000dddfb868,0x00000000dde00000)
  to   space 4608K, 0% used [0x00000000dd500000,0x00000000dd500000,0x00000000dd980000)
 ParOldGen       total 79360K, used 4628K [0x000000008ce00000, 0x0000000091b80000, 0x00000000d9a00000)
  object space 79360K, 5% used [0x000000008ce00000,0x000000008d285030,0x0000000091b80000)
 Metaspace       used 19909K, capacity 20094K, committed 20352K, reserved 1067008K
  class space    used 2510K, capacity 2579K, committed 2688K, reserved 1048576K
}
Event: 5.759 GC heap before
{Heap before GC invocations=5 (full 0):
 PSYoungGen      total 65024K, used 17876K [0x00000000d9a00000, 0x00000000dde00000, 0x0000000100000000)
  eden space 60416K, 21% used [0x00000000d9a00000,0x00000000da6f9900,0x00000000dd500000)
  from space 4608K, 99% used [0x00000000dd980000,0x00000000dddfb868,0x00000000dde00000)
  to   space 4608K, 0% used [0x00000000dd500000,0x00000000dd500000,0x00000000dd980000)
 ParOldGen       total 79360K, used 4628K [0x000000008ce00000, 0x0000000091b80000, 0x00000000d9a00000)
  object space 79360K, 5% used [0x000000008ce00000,0x000000008d285030,0x0000000091b80000)
 Metaspace       used 20991K, capacity 21150K, committed 21248K, reserved 1067008K
  class space    used 2672K, capacity 2739K, committed 2816K, reserved 1048576K
Event: 5.771 GC heap after
Heap after GC invocations=5 (full 0):
 PSYoungGen      total 65024K, used 4606K [0x00000000d9a00000, 0x00000000e2100000, 0x0000000100000000)
  eden space 60416K, 0% used [0x00000000d9a00000,0x00000000d9a00000,0x00000000dd500000)
  from space 4608K, 99% used [0x00000000dd500000,0x00000000dd97f858,0x00000000dd980000)
  to   space 8704K, 0% used [0x00000000e1880000,0x00000000e1880000,0x00000000e2100000)
 ParOldGen       total 79360K, used 5768K [0x000000008ce00000, 0x0000000091b80000, 0x00000000d9a00000)
  object space 79360K, 7% used [0x000000008ce00000,0x000000008d3a2350,0x0000000091b80000)
 Metaspace       used 20991K, capacity 21150K, committed 21248K, reserved 1067008K
  class space    used 2672K, capacity 2739K, committed 2816K, reserved 1048576K
}
Event: 5.771 GC heap before
{Heap before GC invocations=6 (full 1):
 PSYoungGen      total 65024K, used 4606K [0x00000000d9a00000, 0x00000000e2100000, 0x0000000100000000)
  eden space 60416K, 0% used [0x00000000d9a00000,0x00000000d9a00000,0x00000000dd500000)
  from space 4608K, 99% used [0x00000000dd500000,0x00000000dd97f858,0x00000000dd980000)
  to   space 8704K, 0% used [0x00000000e1880000,0x00000000e1880000,0x00000000e2100000)
 ParOldGen       total 79360K, used 5768K [0x000000008ce00000, 0x0000000091b80000, 0x00000000d9a00000)
  object space 79360K, 7% used [0x000000008ce00000,0x000000008d3a2350,0x0000000091b80000)
 Metaspace       used 20991K, capacity 21150K, committed 21248K, reserved 1067008K
  class space    used 2672K, capacity 2739K, committed 2816K, reserved 1048576K
Event: 5.804 GC heap after
Heap after GC invocations=6 (full 1):
 PSYoungGen      total 65024K, used 0K [0x00000000d9a00000, 0x00000000e2100000, 0x0000000100000000)
  eden space 60416K, 0% used [0x00000000d9a00000,0x00000000d9a00000,0x00000000dd500000)
  from space 4608K, 0% used [0x00000000dd500000,0x00000000dd500000,0x00000000dd980000)
  to   space 8704K, 0% used [0x00000000e1880000,0x00000000e1880000,0x00000000e2100000)
 ParOldGen       total 44544K, used 6024K [0x000000008ce00000, 0x000000008f980000, 0x00000000d9a00000)
  object space 44544K, 13% used [0x000000008ce00000,0x000000008d3e23b8,0x000000008f980000)
 Metaspace       used 20991K, capacity 21150K, committed 21248K, reserved 1067008K
  class space    used 2672K, capacity 2739K, committed 2816K, reserved 1048576K
}

